d:\files_2023\project_files\visual_studio_2023\system_software_comprehensive_training\improved_banker_algorithm\improved_banker_algorithm\x64\release\improved_banker_algorithm.obj
d:\files_2023\project_files\visual_studio_2023\system_software_comprehensive_training\improved_banker_algorithm\improved_banker_algorithm\x64\release\method.obj
d:\files_2023\project_files\visual_studio_2023\system_software_comprehensive_training\improved_banker_algorithm\improved_banker_algorithm\x64\release\mainwindow2.obj
d:\files_2023\project_files\visual_studio_2023\system_software_comprehensive_training\improved_banker_algorithm\improved_banker_algorithm\x64\release\main.obj
d:\files_2023\project_files\visual_studio_2023\system_software_comprehensive_training\improved_banker_algorithm\improved_banker_algorithm\x64\release\mainwindow1.obj
d:\files_2023\project_files\visual_studio_2023\system_software_comprehensive_training\improved_banker_algorithm\improved_banker_algorithm\x64\release\mainwindown3.obj
d:\files_2023\project_files\visual_studio_2023\system_software_comprehensive_training\improved_banker_algorithm\improved_banker_algorithm\x64\release\moc_mainwindow3.obj
d:\files_2023\project_files\visual_studio_2023\system_software_comprehensive_training\improved_banker_algorithm\improved_banker_algorithm\x64\release\moc_mainwindow2.obj
d:\files_2023\project_files\visual_studio_2023\system_software_comprehensive_training\improved_banker_algorithm\improved_banker_algorithm\x64\release\qrc_improved_banker_algorithm.obj
d:\files_2023\project_files\visual_studio_2023\system_software_comprehensive_training\improved_banker_algorithm\improved_banker_algorithm\x64\release\moc_mainwindow1.obj
d:\files_2023\project_files\visual_studio_2023\system_software_comprehensive_training\improved_banker_algorithm\improved_banker_algorithm\x64\release\moc_improved_banker_algorithm.obj
d:\files_2023\project_files\visual_studio_2023\system_software_comprehensive_training\improved_banker_algorithm\improved_banker_algorithm\x64\release\uic\ui_improved_banker_algorithm.h
d:\files_2023\project_files\visual_studio_2023\system_software_comprehensive_training\improved_banker_algorithm\improved_banker_algorithm\x64\release\uic\ui_mainwindow1.h
d:\files_2023\project_files\visual_studio_2023\system_software_comprehensive_training\improved_banker_algorithm\improved_banker_algorithm\x64\release\uic\ui_mainwindow2.h
d:\files_2023\project_files\visual_studio_2023\system_software_comprehensive_training\improved_banker_algorithm\improved_banker_algorithm\x64\release\uic\ui_mainwindow3.h
d:\files_2023\project_files\visual_studio_2023\system_software_comprehensive_training\improved_banker_algorithm\improved_banker_algorithm\x64\release\rcc\qrc_improved_banker_algorithm.cpp
d:\files_2023\project_files\visual_studio_2023\system_software_comprehensive_training\improved_banker_algorithm\improved_banker_algorithm\x64\release\moc\moc_improved_banker_algorithm.cpp
d:\files_2023\project_files\visual_studio_2023\system_software_comprehensive_training\improved_banker_algorithm\improved_banker_algorithm\x64\release\moc\moc_mainwindow1.cpp
d:\files_2023\project_files\visual_studio_2023\system_software_comprehensive_training\improved_banker_algorithm\improved_banker_algorithm\x64\release\moc\moc_mainwindow2.cpp
d:\files_2023\project_files\visual_studio_2023\system_software_comprehensive_training\improved_banker_algorithm\improved_banker_algorithm\x64\release\moc\moc_mainwindow3.cpp
d:\files_2023\project_files\visual_studio_2023\system_software_comprehensive_training\improved_banker_algorithm\x64\release\improved_banker_algorithm.exe
d:\files_2023\project_files\visual_studio_2023\system_software_comprehensive_training\improved_banker_algorithm\improved_banker_algorithm\x64\release\improved.a3c278e9.tlog\cl.10388.write.1.tlog
d:\files_2023\project_files\visual_studio_2023\system_software_comprehensive_training\improved_banker_algorithm\improved_banker_algorithm\x64\release\improved.a3c278e9.tlog\cl.command.1.tlog
d:\files_2023\project_files\visual_studio_2023\system_software_comprehensive_training\improved_banker_algorithm\improved_banker_algorithm\x64\release\improved.a3c278e9.tlog\cl.read.1.tlog
d:\files_2023\project_files\visual_studio_2023\system_software_comprehensive_training\improved_banker_algorithm\improved_banker_algorithm\x64\release\improved.a3c278e9.tlog\improved_banker_algorithm.write.1u.tlog
d:\files_2023\project_files\visual_studio_2023\system_software_comprehensive_training\improved_banker_algorithm\improved_banker_algorithm\x64\release\improved.a3c278e9.tlog\link.command.1.tlog
d:\files_2023\project_files\visual_studio_2023\system_software_comprehensive_training\improved_banker_algorithm\improved_banker_algorithm\x64\release\improved.a3c278e9.tlog\link.read.1.tlog
d:\files_2023\project_files\visual_studio_2023\system_software_comprehensive_training\improved_banker_algorithm\improved_banker_algorithm\x64\release\improved.a3c278e9.tlog\link.write.1.tlog
d:\files_2023\project_files\visual_studio_2023\system_software_comprehensive_training\improved_banker_algorithm\improved_banker_algorithm\x64\release\improved.a3c278e9.tlog\moc.read.1u.tlog
d:\files_2023\project_files\visual_studio_2023\system_software_comprehensive_training\improved_banker_algorithm\improved_banker_algorithm\x64\release\improved.a3c278e9.tlog\moc.write.1u.tlog
d:\files_2023\project_files\visual_studio_2023\system_software_comprehensive_training\improved_banker_algorithm\improved_banker_algorithm\x64\release\improved.a3c278e9.tlog\rcc.read.1u.tlog
d:\files_2023\project_files\visual_studio_2023\system_software_comprehensive_training\improved_banker_algorithm\improved_banker_algorithm\x64\release\improved.a3c278e9.tlog\rcc.write.1u.tlog
d:\files_2023\project_files\visual_studio_2023\system_software_comprehensive_training\improved_banker_algorithm\improved_banker_algorithm\x64\release\improved.a3c278e9.tlog\uic.read.1u.tlog
d:\files_2023\project_files\visual_studio_2023\system_software_comprehensive_training\improved_banker_algorithm\improved_banker_algorithm\x64\release\improved.a3c278e9.tlog\uic.write.1u.tlog
