d:\files_2023\project_files\visual_studio_2023\system_software_comprehensive_training\improved_banker_algorithm\improved_banker_algorithm\x64\debug\moc_mainwindow3.obj
d:\files_2023\project_files\visual_studio_2023\system_software_comprehensive_training\improved_banker_algorithm\improved_banker_algorithm\x64\debug\moc_improved_banker_algorithm.obj
d:\files_2023\project_files\visual_studio_2023\system_software_comprehensive_training\improved_banker_algorithm\improved_banker_algorithm\x64\debug\moc_mainwindow1.obj
d:\files_2023\project_files\visual_studio_2023\system_software_comprehensive_training\improved_banker_algorithm\improved_banker_algorithm\x64\debug\qrc_improved_banker_algorithm.obj
d:\files_2023\project_files\visual_studio_2023\system_software_comprehensive_training\improved_banker_algorithm\improved_banker_algorithm\x64\debug\moc_mainwindow2.obj
d:\files_2023\project_files\visual_studio_2023\system_software_comprehensive_training\improved_banker_algorithm\improved_banker_algorithm\x64\debug\mainwindow1.obj
d:\files_2023\project_files\visual_studio_2023\system_software_comprehensive_training\improved_banker_algorithm\improved_banker_algorithm\x64\debug\mainwindown3.obj
d:\files_2023\project_files\visual_studio_2023\system_software_comprehensive_training\improved_banker_algorithm\improved_banker_algorithm\x64\debug\mainwindow2.obj
d:\files_2023\project_files\visual_studio_2023\system_software_comprehensive_training\improved_banker_algorithm\improved_banker_algorithm\x64\debug\main.obj
d:\files_2023\project_files\visual_studio_2023\system_software_comprehensive_training\improved_banker_algorithm\improved_banker_algorithm\x64\debug\improved_banker_algorithm.obj
d:\files_2023\project_files\visual_studio_2023\system_software_comprehensive_training\improved_banker_algorithm\improved_banker_algorithm\x64\debug\method.obj
d:\files_2023\project_files\visual_studio_2023\system_software_comprehensive_training\improved_banker_algorithm\improved_banker_algorithm\x64\debug\vc143.pdb
d:\files_2023\project_files\visual_studio_2023\system_software_comprehensive_training\improved_banker_algorithm\improved_banker_algorithm\x64\debug\uic\ui_improved_banker_algorithm.h
d:\files_2023\project_files\visual_studio_2023\system_software_comprehensive_training\improved_banker_algorithm\improved_banker_algorithm\x64\debug\uic\ui_mainwindow1.h
d:\files_2023\project_files\visual_studio_2023\system_software_comprehensive_training\improved_banker_algorithm\improved_banker_algorithm\x64\debug\uic\ui_mainwindow2.h
d:\files_2023\project_files\visual_studio_2023\system_software_comprehensive_training\improved_banker_algorithm\improved_banker_algorithm\x64\debug\uic\ui_mainwindow3.h
d:\files_2023\project_files\visual_studio_2023\system_software_comprehensive_training\improved_banker_algorithm\improved_banker_algorithm\x64\debug\rcc\qrc_improved_banker_algorithm.cpp
d:\files_2023\project_files\visual_studio_2023\system_software_comprehensive_training\improved_banker_algorithm\improved_banker_algorithm\x64\debug\moc\moc_improved_banker_algorithm.cpp
d:\files_2023\project_files\visual_studio_2023\system_software_comprehensive_training\improved_banker_algorithm\improved_banker_algorithm\x64\debug\moc\moc_mainwindow1.cpp
d:\files_2023\project_files\visual_studio_2023\system_software_comprehensive_training\improved_banker_algorithm\improved_banker_algorithm\x64\debug\moc\moc_mainwindow2.cpp
d:\files_2023\project_files\visual_studio_2023\system_software_comprehensive_training\improved_banker_algorithm\improved_banker_algorithm\x64\debug\moc\moc_mainwindow3.cpp
d:\files_2023\project_files\visual_studio_2023\system_software_comprehensive_training\improved_banker_algorithm\x64\debug\improved_banker_algorithm.ilk
d:\files_2023\project_files\visual_studio_2023\system_software_comprehensive_training\improved_banker_algorithm\x64\debug\improved_banker_algorithm.exe
d:\files_2023\project_files\visual_studio_2023\system_software_comprehensive_training\improved_banker_algorithm\x64\debug\improved_banker_algorithm.pdb
d:\files_2023\project_files\visual_studio_2023\system_software_comprehensive_training\improved_banker_algorithm\improved_banker_algorithm\x64\debug\improved.a3c278e9.tlog\cl.11188.write.1.tlog
d:\files_2023\project_files\visual_studio_2023\system_software_comprehensive_training\improved_banker_algorithm\improved_banker_algorithm\x64\debug\improved.a3c278e9.tlog\cl.command.1.tlog
d:\files_2023\project_files\visual_studio_2023\system_software_comprehensive_training\improved_banker_algorithm\improved_banker_algorithm\x64\debug\improved.a3c278e9.tlog\cl.read.1.tlog
d:\files_2023\project_files\visual_studio_2023\system_software_comprehensive_training\improved_banker_algorithm\improved_banker_algorithm\x64\debug\improved.a3c278e9.tlog\improved_banker_algorithm.write.1u.tlog
d:\files_2023\project_files\visual_studio_2023\system_software_comprehensive_training\improved_banker_algorithm\improved_banker_algorithm\x64\debug\improved.a3c278e9.tlog\link.command.1.tlog
d:\files_2023\project_files\visual_studio_2023\system_software_comprehensive_training\improved_banker_algorithm\improved_banker_algorithm\x64\debug\improved.a3c278e9.tlog\link.read.1.tlog
d:\files_2023\project_files\visual_studio_2023\system_software_comprehensive_training\improved_banker_algorithm\improved_banker_algorithm\x64\debug\improved.a3c278e9.tlog\link.write.1.tlog
d:\files_2023\project_files\visual_studio_2023\system_software_comprehensive_training\improved_banker_algorithm\improved_banker_algorithm\x64\debug\improved.a3c278e9.tlog\moc.read.1u.tlog
d:\files_2023\project_files\visual_studio_2023\system_software_comprehensive_training\improved_banker_algorithm\improved_banker_algorithm\x64\debug\improved.a3c278e9.tlog\moc.write.1u.tlog
d:\files_2023\project_files\visual_studio_2023\system_software_comprehensive_training\improved_banker_algorithm\improved_banker_algorithm\x64\debug\improved.a3c278e9.tlog\rcc.read.1u.tlog
d:\files_2023\project_files\visual_studio_2023\system_software_comprehensive_training\improved_banker_algorithm\improved_banker_algorithm\x64\debug\improved.a3c278e9.tlog\rcc.write.1u.tlog
d:\files_2023\project_files\visual_studio_2023\system_software_comprehensive_training\improved_banker_algorithm\improved_banker_algorithm\x64\debug\improved.a3c278e9.tlog\uic.read.1u.tlog
d:\files_2023\project_files\visual_studio_2023\system_software_comprehensive_training\improved_banker_algorithm\improved_banker_algorithm\x64\debug\improved.a3c278e9.tlog\uic.write.1u.tlog
